<?xml version="1.0" encoding="UTF-8"?>
<!-- Generated by org.testng.reporters.JUnitXMLReporter -->
<testsuite hostname="ACER" name="Default test" tests="1" failures="1" timestamp="23 Apr 2020 06:45:35 GMT" time="588.572" errors="0">
  <testcase name="PostAPI" time="588.48" classname="com.qa.APITest.PostAPITestMethod2">
    <failure type="com.fasterxml.jackson.databind.exc.InvalidDefinitionException" message="Cannot construct instance of `com.qa.data.Users` (no Creators, like default constructor, exist): cannot deserialize from Object value (no delegate- or property-based Creator)
 at [Source: (String)&amp;quot;{&amp;quot;id&amp;quot;:9999700,&amp;quot;name&amp;quot;:&amp;quot;New Product&amp;quot;,&amp;quot;type&amp;quot;:&amp;quot;Hard Good&amp;quot;,&amp;quot;upc&amp;quot;:&amp;quot;49659799&amp;quot;,&amp;quot;price&amp;quot;:99.99,&amp;quot;description&amp;quot;:&amp;quot;This is a placeholder request for creating a new product.&amp;quot;,&amp;quot;model&amp;quot;:&amp;quot;NP12345&amp;quot;,&amp;quot;updatedAt&amp;quot;:&amp;quot;2020-04-23T06:35:49.743Z&amp;quot;,&amp;quot;createdAt&amp;quot;:&amp;quot;2020-04-23T06:35:49.743Z&amp;quot;}&amp;quot;; line: 1, column: 2]">
      <![CDATA[com.fasterxml.jackson.databind.exc.InvalidDefinitionException: Cannot construct instance of `com.qa.data.Users` (no Creators, like default constructor, exist): cannot deserialize from Object value (no delegate- or property-based Creator)
 at [Source: (String)"{"id":9999700,"name":"New Product","type":"Hard Good","upc":"49659799","price":99.99,"description":"This is a placeholder request for creating a new product.","model":"NP12345","updatedAt":"2020-04-23T06:35:49.743Z","createdAt":"2020-04-23T06:35:49.743Z"}"; line: 1, column: 2]
	at com.fasterxml.jackson.databind.exc.InvalidDefinitionException.from(InvalidDefinitionException.java:67)
	at com.fasterxml.jackson.databind.DeserializationContext.reportBadDefinition(DeserializationContext.java:1599)
	at com.fasterxml.jackson.databind.DatabindContext.reportBadDefinition(DatabindContext.java:404)
	at com.fasterxml.jackson.databind.DeserializationContext.handleMissingInstantiator(DeserializationContext.java:1065)
	at com.fasterxml.jackson.databind.deser.BeanDeserializerBase.deserializeFromObjectUsingNonDefault(BeanDeserializerBase.java:1297)
	at com.fasterxml.jackson.databind.deser.BeanDeserializer.deserializeFromObject(BeanDeserializer.java:326)
	at com.fasterxml.jackson.databind.deser.BeanDeserializer.deserialize(BeanDeserializer.java:159)
	at com.fasterxml.jackson.databind.ObjectMapper._readMapAndClose(ObjectMapper.java:4434)
	at com.fasterxml.jackson.databind.ObjectMapper.readValue(ObjectMapper.java:3434)
	at com.fasterxml.jackson.databind.ObjectMapper.readValue(ObjectMapper.java:3402)
	at com.qa.APITest.PostAPITestMethod2.PostAPI(PostAPITestMethod2.java:79)
	at sun.reflect.NativeMethodAccessorImpl.invoke0(Native Method)
	at sun.reflect.NativeMethodAccessorImpl.invoke(NativeMethodAccessorImpl.java:62)
	at sun.reflect.DelegatingMethodAccessorImpl.invoke(DelegatingMethodAccessorImpl.java:43)
	at java.lang.reflect.Method.invoke(Method.java:498)
	at org.testng.internal.MethodInvocationHelper.invokeMethod(MethodInvocationHelper.java:80)
	at org.testng.internal.Invoker.invokeMethod(Invoker.java:714)
	at org.testng.internal.Invoker.invokeTestMethod(Invoker.java:901)
	at org.testng.internal.Invoker.invokeTestMethods(Invoker.java:1231)
	at org.testng.internal.TestMethodWorker.invokeTestMethods(TestMethodWorker.java:127)
	at org.testng.internal.TestMethodWorker.run(TestMethodWorker.java:111)
	at org.testng.TestRunner.privateRun(TestRunner.java:767)
	at org.testng.TestRunner.run(TestRunner.java:617)
	at org.testng.SuiteRunner.runTest(SuiteRunner.java:334)
	at org.testng.SuiteRunner.runSequentially(SuiteRunner.java:329)
	at org.testng.SuiteRunner.privateRun(SuiteRunner.java:291)
	at org.testng.SuiteRunner.run(SuiteRunner.java:240)
	at org.testng.SuiteRunnerWorker.runSuite(SuiteRunnerWorker.java:52)
	at org.testng.SuiteRunnerWorker.run(SuiteRunnerWorker.java:86)
	at org.testng.TestNG.runSuitesSequentially(TestNG.java:1198)
	at org.testng.TestNG.runSuitesLocally(TestNG.java:1123)
	at org.testng.TestNG.run(TestNG.java:1031)
	at org.testng.remote.AbstractRemoteTestNG.run(AbstractRemoteTestNG.java:132)
	at org.testng.remote.RemoteTestNG.initAndRun(RemoteTestNG.java:236)
	at org.testng.remote.RemoteTestNG.main(RemoteTestNG.java:81)
]]>
    </failure>
  </testcase> <!-- PostAPI -->
</testsuite> <!-- Default test -->
